<?xml version="1.0" encoding="UTF-8"?>
<testsuite xmlns:xsi="http://www.w3.org/2001/XMLSchema-instance" xsi:noNamespaceSchemaLocation="https://maven.apache.org/surefire/maven-surefire-plugin/xsd/surefire-test-report-3.0.xsd" version="3.0" name="com.example.Linear.StackLLTests" time="0.001" tests="6" errors="0" skipped="0" failures="0">
  <properties>
    <property name="sun.desktop" value="windows"/>
    <property name="awt.toolkit" value="sun.awt.windows.WToolkit"/>
    <property name="java.specification.version" value="11"/>
    <property name="sun.cpu.isalist" value="amd64"/>
    <property name="sun.jnu.encoding" value="Cp1252"/>
    <property name="java.class.path" value="c:\Users\calga\Documents\GitHub\ENSF338\my-api\target\test-classes;c:\Users\calga\Documents\GitHub\ENSF338\my-api\target\classes;C:\Users\calga\.m2\repository\junit\junit\4.12\junit-4.12.jar;C:\Users\calga\.m2\repository\org\hamcrest\hamcrest-core\1.3\hamcrest-core-1.3.jar;"/>
    <property name="java.vm.vendor" value="Oracle Corporation"/>
    <property name="sun.arch.data.model" value="64"/>
    <property name="user.variant" value=""/>
    <property name="java.vendor.url" value="https://openjdk.java.net/"/>
    <property name="user.timezone" value="America/Denver"/>
    <property name="java.vm.specification.version" value="11"/>
    <property name="os.name" value="Windows 10"/>
    <property name="sun.java.launcher" value="SUN_STANDARD"/>
    <property name="user.country" value="US"/>
    <property name="sun.boot.library.path" value="C:\Program Files\Java\jdk-11.0.17\bin"/>
    <property name="sun.java.command" value="C:\Users\calga\AppData\Local\Temp\surefire8708376305793660406\surefirebooter-20230415204604448_3.jar C:\Users\calga\AppData\Local\Temp\surefire8708376305793660406 2023-04-15T20-46-04_287-jvmRun1 surefire-20230415204604448_1tmp surefire_0-20230415204604448_2tmp"/>
    <property name="jdk.debug" value="release"/>
    <property name="surefire.test.class.path" value="c:\Users\calga\Documents\GitHub\ENSF338\my-api\target\test-classes;c:\Users\calga\Documents\GitHub\ENSF338\my-api\target\classes;C:\Users\calga\.m2\repository\junit\junit\4.12\junit-4.12.jar;C:\Users\calga\.m2\repository\org\hamcrest\hamcrest-core\1.3\hamcrest-core-1.3.jar;"/>
    <property name="sun.cpu.endian" value="little"/>
    <property name="user.home" value="C:\Users\calga"/>
    <property name="user.language" value="en"/>
    <property name="java.specification.vendor" value="Oracle Corporation"/>
    <property name="java.version.date" value="2022-10-18"/>
    <property name="java.home" value="C:\Program Files\Java\jdk-11.0.17"/>
    <property name="file.separator" value="\"/>
    <property name="basedir" value="c:\Users\calga\Documents\GitHub\ENSF338\my-api"/>
    <property name="java.vm.compressedOopsMode" value="Zero based"/>
    <property name="line.separator" value="&#10;"/>
    <property name="java.specification.name" value="Java Platform API Specification"/>
    <property name="java.vm.specification.vendor" value="Oracle Corporation"/>
    <property name="java.awt.graphicsenv" value="sun.awt.Win32GraphicsEnvironment"/>
    <property name="surefire.real.class.path" value="C:\Users\calga\AppData\Local\Temp\surefire8708376305793660406\surefirebooter-20230415204604448_3.jar"/>
    <property name="user.script" value=""/>
    <property name="sun.management.compiler" value="HotSpot 64-Bit Tiered Compilers"/>
    <property name="java.runtime.version" value="11.0.17+10-LTS-269"/>
    <property name="user.name" value="calga"/>
    <property name="path.separator" value=";"/>
    <property name="os.version" value="10.0"/>
    <property name="java.runtime.name" value="Java(TM) SE Runtime Environment"/>
    <property name="file.encoding" value="Cp1252"/>
    <property name="java.vm.name" value="Java HotSpot(TM) 64-Bit Server VM"/>
    <property name="java.vendor.version" value="18.9"/>
    <property name="localRepository" value="C:\Users\calga\.m2\repository"/>
    <property name="java.vendor.url.bug" value="https://bugreport.java.com/bugreport/"/>
    <property name="java.io.tmpdir" value="C:\Users\calga\AppData\Local\Temp\"/>
    <property name="java.version" value="11.0.17"/>
    <property name="user.dir" value="c:\Users\calga\Documents\GitHub\ENSF338\my-api"/>
    <property name="os.arch" value="amd64"/>
    <property name="java.vm.specification.name" value="Java Virtual Machine Specification"/>
    <property name="java.awt.printerjob" value="sun.awt.windows.WPrinterJob"/>
    <property name="sun.os.patch.level" value=""/>
    <property name="java.library.path" value="C:\Program Files\Java\jdk-11.0.17\bin;C:\Windows\Sun\Java\bin;C:\Windows\system32;C:\Windows;C:\Program Files\Common Files\Oracle\Java\javapath;C:\Program Files\Eclipse Adoptium\jdk-11.0.18.10-hotspot\bin;C:\Windows\system32;C:\Windows;C:\Windows\System32\Wbem;C:\Windows\System32\WindowsPowerShell\v1.0\;C:\Windows\System32\OpenSSH\;C:\Program Files\dotnet\;C:\Program Files (x86)\NVIDIA Corporation\PhysX\Common;C:\Program Files\Git\cmd;C:\msys64\mingw64\bin;C:\Program Files\nodejs\;C:\ProgramData\chocolatey\bin;C:\Users\calga\Downloads\apache-maven-3.9.1-bin\apache-maven-3.9.1\bin;C:\Users\calga\AppData\Local\Programs\Python\Python311\Scripts\;C:\Users\calga\AppData\Local\Programs\Python\Python311\;C:\Users\calga\AppData\Local\Microsoft\WindowsApps;C:\Users\calga\AppData\Local\Programs\Microsoft VS Code\bin;C:\Users\calga\AppData\Local\Pandoc\;C:\Users\calga\AppData\Local\Programs\MiKTeX\miktex\bin\x64\;C:\Users\calga\AppData\Local\GitHubDesktop\bin;C:\Users\calga\AppData\Roaming\npm;."/>
    <property name="java.vendor" value="Oracle Corporation"/>
    <property name="java.vm.info" value="mixed mode"/>
    <property name="java.vm.version" value="11.0.17+10-LTS-269"/>
    <property name="sun.io.unicode.encoding" value="UnicodeLittle"/>
    <property name="java.class.version" value="55.0"/>
  </properties>
  <testcase name="testPushAndPeek" classname="com.example.Linear.StackLLTests" time="0"/>
  <testcase name="testPop" classname="com.example.Linear.StackLLTests" time="0"/>
  <testcase name="testSize" classname="com.example.Linear.StackLLTests" time="0"/>
  <testcase name="testOverloadConstructor" classname="com.example.Linear.StackLLTests" time="0"/>
  <testcase name="testInsertHead" classname="com.example.Linear.StackLLTests" time="0"/>
  <testcase name="testIsEmpty" classname="com.example.Linear.StackLLTests" time="0"/>
</testsuite>